KEYWORD class
IDENTIFIER SchlickDielectric
COLON
TYPE rt_Material
SEMICOLON
QUALIFIER public
TYPE float
IDENTIFIER eta
SEMICOLON
QUALIFIER public
TYPE float
IDENTIFIER f0
SEMICOLON
QUALIFIER public
IDENTIFIER color
IDENTIFIER absorption
SEMICOLON
TYPE void
IDENTIFIER constructor
LPARENTHESIS
TYPE float
KEYWORD inside
COMMA
TYPE float
IDENTIFIER outside
COMMA
IDENTIFIER color
IDENTIFIER absorb
RPARENTHESIS
LBRACE
IDENTIFIER eta
ASSIGN
KEYWORD inside
DIV
IDENTIFIER outside
SEMICOLON
IDENTIFIER f0
ASSIGN
KEYWORD pow
LPARENTHESIS
LPARENTHESIS
IDENTIFIER outside
MINUS
KEYWORD inside
RPARENTHESIS
DIV
LPARENTHESIS
IDENTIFIER outside
PLUS
KEYWORD inside
RPARENTHESIS
COMMA
INT: 2
RPARENTHESIS
SEMICOLON
IDENTIFIER absorption
ASSIGN
IDENTIFIER absorb
SEMICOLON
RBRACE
TYPE void
IDENTIFIER shade
LPARENTHESIS
RPARENTHESIS
LBRACE
DIV
DIV
IDENTIFIER Section
INT: 0
TYPE vec3
IDENTIFIER I
ASSIGN
KEYWORD normalize
LPARENTHESIS
STATE rt_RayDirection
RPARENTHESIS
SEMICOLON
TYPE vec3
IDENTIFIER P
ASSIGN
STATE rt_HitPoint
SEMICOLON
TYPE vec3
IDENTIFIER NN
ASSIGN
STATE rt_ShadingNormal
SEMICOLON
TYPE float
IDENTIFIER eta_temp
ASSIGN
IDENTIFIER eta
SEMICOLON
IDENTIFIER color
IDENTIFIER atten
ASSIGN
IDENTIFIER color
LPARENTHESIS
FLOAT 1
RPARENTHESIS
SEMICOLON
KEYWORD if
LPARENTHESIS
KEYWORD dot
LPARENTHESIS
STATE rt_RayDirection
COMMA
STATE rt_ShadingNormal
RPARENTHESIS
GT
FLOAT 0
RPARENTHESIS
LBRACE
IDENTIFIER eta_temp
ASSIGN
FLOAT 1
DIV
IDENTIFIER eta
SEMICOLON
IDENTIFIER NN
ASSIGN
MINUS
IDENTIFIER NN
SEMICOLON
IDENTIFIER atten
ASSIGN
KEYWORD pow
LPARENTHESIS
IDENTIFIER absorption
COMMA
STATE rt_HitDistance
RPARENTHESIS
SEMICOLON
RBRACE
TYPE float
IDENTIFIER negNdotV
ASSIGN
KEYWORD dot
LPARENTHESIS
IDENTIFIER I
COMMA
IDENTIFIER NN
RPARENTHESIS
SEMICOLON
TYPE float
IDENTIFIER k
ASSIGN
FLOAT 1
MINUS
IDENTIFIER eta_temp
MUL
IDENTIFIER eta_temp
MUL
LPARENTHESIS
FLOAT 1
MINUS
IDENTIFIER negNdotV
MUL
IDENTIFIER negNdotV
RPARENTHESIS
SEMICOLON
TYPE vec3
IDENTIFIER R
ASSIGN
KEYWORD reflect
LPARENTHESIS
IDENTIFIER I
COMMA
IDENTIFIER NN
RPARENTHESIS
SEMICOLON
TYPE vec3
IDENTIFIER T
ASSIGN
IDENTIFIER R
SEMICOLON
KEYWORD if
LPARENTHESIS
IDENTIFIER k
GE
FLOAT 0
RPARENTHESIS
LBRACE
IDENTIFIER T
ASSIGN
IDENTIFIER eta_temp
MUL
IDENTIFIER I
MINUS
LPARENTHESIS
IDENTIFIER eta_temp
MUL
IDENTIFIER negNdotV
PLUS
KEYWORD sqrt
LPARENTHESIS
IDENTIFIER k
RPARENTHESIS
RPARENTHESIS
MUL
IDENTIFIER NN
SEMICOLON
RBRACE
TYPE float
IDENTIFIER Fr
ASSIGN
IDENTIFIER f0
PLUS
LPARENTHESIS
FLOAT 1
MINUS
IDENTIFIER f0
RPARENTHESIS
MUL
KEYWORD pow
LPARENTHESIS
FLOAT 1
PLUS
IDENTIFIER negNdotV
COMMA
INT: 5
RPARENTHESIS
SEMICOLON
TYPE float
IDENTIFIER Ft
ASSIGN
FLOAT 1
MINUS
IDENTIFIER Fr
SEMICOLON
DIV
DIV
IDENTIFIER Section
INT: 1
IDENTIFIER color
IDENTIFIER refl_result
ASSIGN
KEYWORD trace
LPARENTHESIS
IDENTIFIER P
COMMA
IDENTIFIER R
RPARENTHESIS
SEMICOLON
DIV
DIV
IDENTIFIER Section
INT: 2
IDENTIFIER color
IDENTIFIER refr_result
ASSIGN
KEYWORD trace
LPARENTHESIS
IDENTIFIER P
COMMA
IDENTIFIER T
RPARENTHESIS
SEMICOLON
DIV
DIV
IDENTIFIER Section
INT: 3
STATE rt_SampleColor
ASSIGN
IDENTIFIER atten
MUL
LPARENTHESIS
IDENTIFIER Fr
MUL
IDENTIFIER refl_result
PLUS
IDENTIFIER Ft
MUL
IDENTIFIER refr_result
RPARENTHESIS
SEMICOLON
RBRACE
