KEYWORD class
IDENTIFIER PinholeCamera
COLON
TYPE rt_Camera
SEMICOLON
QUALIFIER public
TYPE vec3
IDENTIFIER position
SEMICOLON
QUALIFIER public
TYPE vec3
IDENTIFIER lower_left_corner
SEMICOLON
QUALIFIER public
TYPE vec3
IDENTIFIER uvw_u
SEMICOLON
QUALIFIER public
TYPE vec3
IDENTIFIER uvw_v
SEMICOLON
QUALIFIER public
TYPE vec3
IDENTIFIER uvw_w
SEMICOLON
TYPE void
IDENTIFIER constructor
LPARENTHESIS
TYPE vec3
IDENTIFIER eye
COMMA
TYPE vec3
IDENTIFIER up
COMMA
TYPE vec3
IDENTIFIER gaze
COMMA
TYPE vec2
IDENTIFIER uv0
COMMA
TYPE vec2
IDENTIFIER uv1
COMMA
TYPE float
IDENTIFIER d
RPARENTHESIS
LBRACE
IDENTIFIER position
ASSIGN
IDENTIFIER eye
SEMICOLON
IDENTIFIER uvw_v
ASSIGN
IDENTIFIER up
SEMICOLON
IDENTIFIER uvw_w
ASSIGN
IDENTIFIER gaze
SEMICOLON
IDENTIFIER uvw_u
ASSIGN
KEYWORD normalize
LPARENTHESIS
IDENTIFIER cross
LPARENTHESIS
IDENTIFIER uvw_v
COMMA
IDENTIFIER uvw_w
RPARENTHESIS
RPARENTHESIS
SEMICOLON
IDENTIFIER uvw_v
ASSIGN
KEYWORD normalize
LPARENTHESIS
IDENTIFIER cross
LPARENTHESIS
IDENTIFIER uvw_w
COMMA
IDENTIFIER uvw_u
RPARENTHESIS
RPARENTHESIS
SEMICOLON
IDENTIFIER uvw_w
ASSIGN
KEYWORD normalize
LPARENTHESIS
IDENTIFIER gaze
RPARENTHESIS
SEMICOLON
IDENTIFIER lower_left_corner
ASSIGN
IDENTIFIER uv0
SWIZZLE x
MUL
IDENTIFIER uvw_u
PLUS
IDENTIFIER uv0
SWIZZLE y
MUL
IDENTIFIER uvw_v
PLUS
IDENTIFIER d
MUL
IDENTIFIER uvw_w
SEMICOLON
IDENTIFIER uvw_u
ASSIGN
IDENTIFIER uvw_u
MUL
LPARENTHESIS
IDENTIFIER uv1
SWIZZLE x
MINUS
IDENTIFIER uv0
SWIZZLE x
RPARENTHESIS
SEMICOLON
IDENTIFIER uvw_v
ASSIGN
IDENTIFIER uvw_v
MUL
LPARENTHESIS
IDENTIFIER uv1
SWIZZLE y
MINUS
IDENTIFIER uv0
SWIZZLE y
RPARENTHESIS
SEMICOLON
RBRACE
TYPE void
IDENTIFIER generateRay
LPARENTHESIS
RPARENTHESIS
LBRACE
STATE rt_RayOrigin
ASSIGN
IDENTIFIER position
SEMICOLON
STATE rt_RayDirection
ASSIGN
IDENTIFIER lower_left_corner
PLUS
STATE rt_ScreenCoord
SWIZZLE x
MUL
IDENTIFIER uvw_u
PLUS
STATE rt_ScreenCoord
SWIZZLE y
MUL
IDENTIFIER uvw_v
SEMICOLON
RBRACE
